# JRE version: Java(TM) SE Runtime Environment (21.0.11+9) (build 21.0.11+9-LTS-211)
# Java VM: Java HotSpot(TM) 64-Bit Server VM (21.0.11+9-LTS-211, mixed mode, sharing, tiered, compressed oops, compressed class ptrs, g1 gc, linux-amd64)
GC Precious Log:
 CardTable entry size: 512
 Card Set container configuration: InlinePtr #cards 5 size 8 Array Of Cards #cards 12 size 40 Howl #buckets 4 coarsen threshold 1843 Howl Bitmap #cards 512 size 80 coarsen threshold 460 Card regions per heap region 1 cards per card region 2048
 CPUs: 4 total, 4 available
 Memory: 15915M
 Large Page Support: Disabled
 NUMA Support: Disabled
 Compressed Oops: Enabled (32-bit)
 Heap Region Size: 1M
 Heap Min Capacity: 8M
 Heap Initial Capacity: 250M
 Heap Max Capacity: 512M
 Pre-touch: Disabled
 Parallel Workers: 4
 Concurrent Workers: 1
 Concurrent Refinement Workers: 4
 Periodic GC: Disabled
Heap:
 garbage-first heap   total 86016K, used 65420K [0x00000000e0000000, 0x0000000100000000)
  region size 1024K, 48 young (49152K), 4 survivors (4096K)
 Metaspace       used 37488K, committed 37952K, reserved 1114112K
  class space    used 4216K, committed 4416K, reserved 1048576K
GC Heap History (20 events):
Event: 5,068 GC heap after
{Heap after GC invocations=2 (full 0):
 garbage-first heap   total 258048K, used 8570K [0x00000000e0000000, 0x0000000100000000)
  region size 1024K, 1 young (1024K), 1 survivors (1024K)
 Metaspace       used 4402K, committed 4608K, reserved 1114112K
  class space    used 439K, committed 512K, reserved 1048576K
}
Event: 8,724 GC heap before
{Heap before GC invocations=2 (full 0):
 garbage-first heap   total 258048K, used 33146K [0x00000000e0000000, 0x0000000100000000)
  region size 1024K, 25 young (25600K), 1 survivors (1024K)
 Metaspace       used 6791K, committed 7104K, reserved 1114112K
  class space    used 728K, committed 896K, reserved 1048576K
}
Event: 8,743 GC heap after
{Heap after GC invocations=3 (full 0):
 garbage-first heap   total 258048K, used 9922K [0x00000000e0000000, 0x0000000100000000)
  region size 1024K, 3 young (3072K), 3 survivors (3072K)
 Metaspace       used 6791K, committed 7104K, reserved 1114112K
  class space    used 728K, committed 896K, reserved 1048576K
}
Event: 18,418 GC heap before
{Heap before GC invocations=3 (full 0):
 garbage-first heap   total 258048K, used 159426K [0x00000000e0000000, 0x0000000100000000)
  region size 1024K, 150 young (153600K), 3 survivors (3072K)
 Metaspace       used 16313K, committed 16704K, reserved 1114112K
  class space    used 1854K, committed 2048K, reserved 1048576K
}
Event: 18,501 GC heap after
{Heap after GC invocations=4 (full 0):
 garbage-first heap   total 258048K, used 12880K [0x00000000e0000000, 0x0000000100000000)
  region size 1024K, 5 young (5120K), 5 survivors (5120K)
 Metaspace       used 16313K, committed 16704K, reserved 1114112K
  class space    used 1854K, committed 2048K, reserved 1048576K
}
Event: 21,772 GC heap before
{Heap before GC invocations=4 (full 0):
 garbage-first heap   total 258048K, used 91728K [0x00000000e0000000, 0x0000000100000000)
  region size 1024K, 83 young (84992K), 5 survivors (5120K)
 Metaspace       used 21114K, committed 21504K, reserved 1114112K
  class space    used 2485K, committed 2688K, reserved 1048576K
}
Event: 21,815 GC heap after
{Heap after GC invocations=5 (full 0):
 garbage-first heap   total 258048K, used 14697K [0x00000000e0000000, 0x0000000100000000)
  region size 1024K, 7 young (7168K), 7 survivors (7168K)
 Metaspace       used 21114K, committed 21504K, reserved 1114112K
  class space    used 2485K, committed 2688K, reserved 1048576K
}
Event: 23,021 GC heap before
{Heap before GC invocations=6 (full 0):
 garbage-first heap   total 81920K, used 80233K [0x00000000e0000000, 0x0000000100000000)
  region size 1024K, 71 young (72704K), 7 survivors (7168K)
 Metaspace       used 23796K, committed 24192K, reserved 1114112K
  class space    used 2738K, committed 2944K, reserved 1048576K
}
Event: 23,093 GC heap after
{Heap after GC invocations=7 (full 0):
 garbage-first heap   total 89088K, used 14928K [0x00000000e0000000, 0x0000000100000000)
  region size 1024K, 7 young (7168K), 7 survivors (7168K)
 Metaspace       used 23796K, committed 24192K, reserved 1114112K
  class space    used 2738K, committed 2944K, reserved 1048576K
}
Event: 24,025 GC heap before
{Heap before GC invocations=7 (full 0):
 garbage-first heap   total 89088K, used 61008K [0x00000000e0000000, 0x0000000100000000)
  region size 1024K, 52 young (53248K), 7 survivors (7168K)
 Metaspace       used 25876K, committed 26240K, reserved 1114112K
  class space    used 2954K, committed 3136K, reserved 1048576K
}
Event: 24,088 GC heap after
{Heap after GC invocations=8 (full 0):
 garbage-first heap   total 89088K, used 15539K [0x00000000e0000000, 0x0000000100000000)
  region size 1024K, 3 young (3072K), 3 survivors (3072K)
 Metaspace       used 25876K, committed 26240K, reserved 1114112K
  class space    used 2954K, committed 3136K, reserved 1048576K
}
Event: 25,070 GC heap before
{Heap before GC invocations=8 (full 0):
 garbage-first heap   total 89088K, used 65715K [0x00000000e0000000, 0x0000000100000000)
  region size 1024K, 52 young (53248K), 3 survivors (3072K)
 Metaspace       used 27839K, committed 28224K, reserved 1114112K
  class space    used 3175K, committed 3328K, reserved 1048576K
}
Event: 25,100 GC heap after
{Heap after GC invocations=9 (full 0):
 garbage-first heap   total 89088K, used 16112K [0x00000000e0000000, 0x0000000100000000)
  region size 1024K, 4 young (4096K), 4 survivors (4096K)
 Metaspace       used 27839K, committed 28224K, reserved 1114112K
  class space    used 3175K, committed 3328K, reserved 1048576K
}
Event: 27,508 GC heap before
{Heap before GC invocations=9 (full 0):
 garbage-first heap   total 89088K, used 65264K [0x00000000e0000000, 0x0000000100000000)
  region size 1024K, 52 young (53248K), 4 survivors (4096K)
 Metaspace       used 30586K, committed 31040K, reserved 1114112K
  class space    used 3483K, committed 3712K, reserved 1048576K
}
Event: 27,604 GC heap after
{Heap after GC invocations=10 (full 0):
 garbage-first heap   total 137216K, used 18285K [0x00000000e0000000, 0x0000000100000000)
  region size 1024K, 6 young (6144K), 6 survivors (6144K)
 Metaspace       used 30586K, committed 31040K, reserved 1114112K
  class space    used 3483K, committed 3712K, reserved 1048576K
}
Event: 32,083 GC heap before
{Heap before GC invocations=10 (full 0):
 garbage-first heap   total 137216K, used 94061K [0x00000000e0000000, 0x0000000100000000)
  region size 1024K, 80 young (81920K), 6 survivors (6144K)
 Metaspace       used 34539K, committed 34944K, reserved 1114112K
  class space    used 3925K, committed 4096K, reserved 1048576K
}
Event: 32,141 GC heap after
{Heap after GC invocations=11 (full 0):
 garbage-first heap   total 137216K, used 20042K [0x00000000e0000000, 0x0000000100000000)
  region size 1024K, 6 young (6144K), 6 survivors (6144K)
 Metaspace       used 34539K, committed 34944K, reserved 1114112K
  class space    used 3925K, committed 4096K, reserved 1048576K
}
Event: 33,478 GC heap before
{Heap before GC invocations=11 (full 0):
 garbage-first heap   total 137216K, used 53834K [0x00000000e0000000, 0x0000000100000000)
  region size 1024K, 40 young (40960K), 6 survivors (6144K)
 Metaspace       used 36083K, committed 36480K, reserved 1114112K
  class space    used 4065K, committed 4224K, reserved 1048576K
}
Event: 33,561 GC heap after
{Heap after GC invocations=12 (full 0):
 garbage-first heap   total 137216K, used 20364K [0x00000000e0000000, 0x0000000100000000)
  region size 1024K, 6 young (6144K), 6 survivors (6144K)
 Metaspace       used 36083K, committed 36480K, reserved 1114112K
  class space    used 4065K, committed 4224K, reserved 1048576K
}
Event: 35,269 GC heap before
{Heap before GC invocations=13 (full 0):
 garbage-first heap   total 86016K, used 65420K [0x00000000e0000000, 0x0000000100000000)
  region size 1024K, 50 young (51200K), 6 survivors (6144K)
 Metaspace       used 37488K, committed 37952K, reserved 1114112K
  class space    used 4216K, committed 4416K, reserved 1048576K
}

